<?xml version="1.0" encoding="UTF-8"?>
<!-- Generated by org.testng.reporters.JUnitReportReporter -->
<testsuite skipped="0" hostname="LAPTOP-4P252GTC" name="steps.E2E" tests="1" failures="0" timestamp="2021-03-25T19:51:24 EET" time="14.863" errors="1">
  <testcase name="startDriver" time="14.863" classname="steps.E2E">
    <error type="org.openqa.selenium.SessionNotCreatedException" message="session not created
from chrome not reachable
  (Session info: chrome=87.0.4280.66)
Build info: version: &#039;3.141.59&#039;, revision: &#039;e82be7d358&#039;, time: &#039;2018-11-14T08:17:03&#039;
System info: host: &#039;LAPTOP-4P252GTC&#039;, ip: &#039;192.168.154.1&#039;, os.name: &#039;Windows 10&#039;, os.arch: &#039;amd64&#039;, os.version: &#039;10.0&#039;, java.version: &#039;1.8.0_271&#039;
Driver info: driver.version: ChromeDriver
remote stacktrace: Backtrace:
	Ordinal0 [0x005EC0C3+3326147]
	Ordinal0 [0x004D0851+2164817]
	Ordinal0 [0x00357140+618816]
	Ordinal0 [0x0034D404+578564]
	Ordinal0 [0x0034DACB+580299]
	Ordinal0 [0x0034ED35+585013]
	Ordinal0 [0x00349D61+564577]
	Ordinal0 [0x003582C0+623296]
	Ordinal0 [0x002F6BDD+224221]
	Ordinal0 [0x002F5CAC+220332]
	Ordinal0 [0x002F189B+202907]
	Ordinal0 [0x002D3DF4+81396]
	Ordinal0 [0x002D4DEE+85486]
	Ordinal0 [0x002D4D79+85369]
	Ordinal0 [0x004E85DC+2262492]
	GetHandleVerifier [0x00772874+1487204]
	GetHandleVerifier [0x007723CD+1486013]
	GetHandleVerifier [0x0077A368+1518680]
	GetHandleVerifier [0x00772F4E+1488958]
	Ordinal0 [0x004DED0D+2223373]
	Ordinal0 [0x004EA12B+2269483]
	Ordinal0 [0x004EA26F+2269807]
	Ordinal0 [0x004FECB8+2354360]
	BaseThreadInitThunk [0x76BE6359+25]
	RtlGetAppContainerNamedObjectPath [0x77188964+228]
	RtlGetAppContainerNamedObjectPath [0x77188934+180]
">
      <![CDATA[org.openqa.selenium.SessionNotCreatedException: session not created
from chrome not reachable
  (Session info: chrome=87.0.4280.66)
Build info: version: '3.141.59', revision: 'e82be7d358', time: '2018-11-14T08:17:03'
System info: host: 'LAPTOP-4P252GTC', ip: '192.168.154.1', os.name: 'Windows 10', os.arch: 'amd64', os.version: '10.0', java.version: '1.8.0_271'
Driver info: driver.version: ChromeDriver
remote stacktrace: Backtrace:
Ordinal0 [0x005EC0C3+3326147]
Ordinal0 [0x004D0851+2164817]
Ordinal0 [0x00357140+618816]
Ordinal0 [0x0034D404+578564]
Ordinal0 [0x0034DACB+580299]
Ordinal0 [0x0034ED35+585013]
Ordinal0 [0x00349D61+564577]
Ordinal0 [0x003582C0+623296]
Ordinal0 [0x002F6BDD+224221]
Ordinal0 [0x002F5CAC+220332]
Ordinal0 [0x002F189B+202907]
Ordinal0 [0x002D3DF4+81396]
Ordinal0 [0x002D4DEE+85486]
Ordinal0 [0x002D4D79+85369]
Ordinal0 [0x004E85DC+2262492]
GetHandleVerifier [0x00772874+1487204]
GetHandleVerifier [0x007723CD+1486013]
GetHandleVerifier [0x0077A368+1518680]
GetHandleVerifier [0x00772F4E+1488958]
Ordinal0 [0x004DED0D+2223373]
Ordinal0 [0x004EA12B+2269483]
Ordinal0 [0x004EA26F+2269807]
Ordinal0 [0x004FECB8+2354360]
BaseThreadInitThunk [0x76BE6359+25]
RtlGetAppContainerNamedObjectPath [0x77188964+228]
RtlGetAppContainerNamedObjectPath [0x77188934+180]

at sun.reflect.NativeConstructorAccessorImpl.newInstance0(Native Method)
at sun.reflect.NativeConstructorAccessorImpl.newInstance(Unknown Source)
at sun.reflect.DelegatingConstructorAccessorImpl.newInstance(Unknown Source)
at java.lang.reflect.Constructor.newInstance(Unknown Source)
at org.openqa.selenium.remote.W3CHandshakeResponse.lambda$errorHandler$0(W3CHandshakeResponse.java:62)
at org.openqa.selenium.remote.HandshakeResponse.lambda$getResponseFunction$0(HandshakeResponse.java:30)
at org.openqa.selenium.remote.ProtocolHandshake.lambda$createSession$0(ProtocolHandshake.java:126)
at java.util.stream.ReferencePipeline$3$1.accept(Unknown Source)
at java.util.Spliterators$ArraySpliterator.tryAdvance(Unknown Source)
at java.util.stream.ReferencePipeline.forEachWithCancel(Unknown Source)
at java.util.stream.AbstractPipeline.copyIntoWithCancel(Unknown Source)
at java.util.stream.AbstractPipeline.copyInto(Unknown Source)
at java.util.stream.AbstractPipeline.wrapAndCopyInto(Unknown Source)
at java.util.stream.FindOps$FindOp.evaluateSequential(Unknown Source)
at java.util.stream.AbstractPipeline.evaluate(Unknown Source)
at java.util.stream.ReferencePipeline.findFirst(Unknown Source)
at org.openqa.selenium.remote.ProtocolHandshake.createSession(ProtocolHandshake.java:128)
at org.openqa.selenium.remote.ProtocolHandshake.createSession(ProtocolHandshake.java:74)
at org.openqa.selenium.remote.HttpCommandExecutor.execute(HttpCommandExecutor.java:136)
at org.openqa.selenium.remote.service.DriverCommandExecutor.execute(DriverCommandExecutor.java:83)
at org.openqa.selenium.remote.RemoteWebDriver.execute(RemoteWebDriver.java:552)
at org.openqa.selenium.remote.RemoteWebDriver.startSession(RemoteWebDriver.java:213)
at org.openqa.selenium.remote.RemoteWebDriver.<init>(RemoteWebDriver.java:131)
at org.openqa.selenium.chrome.ChromeDriver.<init>(ChromeDriver.java:181)
at org.openqa.selenium.chrome.ChromeDriver.<init>(ChromeDriver.java:168)
at org.openqa.selenium.chrome.ChromeDriver.<init>(ChromeDriver.java:123)
at tests.TestBase.startDriver(TestBase.java:30)
at sun.reflect.NativeMethodAccessorImpl.invoke0(Native Method)
at sun.reflect.NativeMethodAccessorImpl.invoke(Unknown Source)
at sun.reflect.DelegatingMethodAccessorImpl.invoke(Unknown Source)
at java.lang.reflect.Method.invoke(Unknown Source)
at org.testng.internal.MethodInvocationHelper.invokeMethod(MethodInvocationHelper.java:132)
at org.testng.internal.MethodInvocationHelper.invokeMethodConsideringTimeout(MethodInvocationHelper.java:61)
at org.testng.internal.ConfigInvoker.invokeConfigurationMethod(ConfigInvoker.java:366)
at org.testng.internal.ConfigInvoker.invokeConfigurations(ConfigInvoker.java:320)
at org.testng.SuiteRunner.privateRun(SuiteRunner.java:327)
at org.testng.SuiteRunner.run(SuiteRunner.java:286)
at org.testng.SuiteRunnerWorker.runSuite(SuiteRunnerWorker.java:53)
at org.testng.SuiteRunnerWorker.run(SuiteRunnerWorker.java:96)
at org.testng.TestNG.runSuitesSequentially(TestNG.java:1218)
at org.testng.TestNG.runSuitesLocally(TestNG.java:1140)
at org.testng.TestNG.runSuites(TestNG.java:1069)
at org.testng.TestNG.run(TestNG.java:1037)
at org.testng.remote.AbstractRemoteTestNG.run(AbstractRemoteTestNG.java:115)
at org.testng.remote.RemoteTestNG.initAndRun(RemoteTestNG.java:251)
at org.testng.remote.RemoteTestNG.main(RemoteTestNG.java:77)
]]>
    </error>
  </testcase> <!-- startDriver -->
  <system-out/>
</testsuite> <!-- steps.E2E -->
